<?xml version="1.0" encoding="UTF-8"?>
<!-- Generated by org.testng.reporters.JUnitReportReporter -->
<testsuite skipped="0" hostname="Radhekrishna" name="week5.day2.CreateLead" tests="1" failures="0" timestamp="22 Jul 2018 04:38:37 GMT" time="30.836" errors="0">
  <testcase name="createLead" time="30.836" classname="week5.day2.CreateLead"/>
</testsuite> <!-- week5.day2.CreateLead -->
