<?xml version="1.0" encoding="UTF-8"?>
<!-- Generated by org.testng.reporters.JUnitReportReporter -->
<testsuite skipped="0" hostname="Radhekrishna" name="grid.Leaftaps" tests="1" failures="0" timestamp="04 Aug 2018 10:06:26 GMT" time="19.029" errors="0">
  <testcase name="login" time="19.029" classname="grid.Leaftaps"/>
</testsuite> <!-- grid.Leaftaps -->
