<?xml version="1.0" encoding="UTF-8"?>
<!-- Generated by org.testng.reporters.JUnitReportReporter -->
<testsuite skipped="0" hostname="Radhekrishna" name="grid.JqueryUi" tests="1" failures="0" timestamp="04 Aug 2018 10:22:34 GMT" time="13.692" errors="0">
  <testcase name="frame" time="13.692" classname="grid.JqueryUi"/>
</testsuite> <!-- grid.JqueryUi -->
