<?xml version="1.0" encoding="UTF-8"?>
<!-- Generated by org.testng.reporters.JUnitReportReporter -->
<testsuite skipped="0" hostname="Radhekrishna" name="week5.week5.day2.CreateLead" tests="1" failures="0" timestamp="08 Aug 2018 08:16:16 GMT" time="100.366" errors="0">
  <testcase name="createLead" time="100.366" classname="week5.week5.day2.CreateLead"/>
</testsuite> <!-- week5.week5.day2.CreateLead -->
